  [1m[36m (170.0ms)[0m  [1mCREATE TABLE `schema_migrations` (`version` varchar(255) NOT NULL) ENGINE=InnoDB[0m
  [1m[35m (235.1ms)[0m  CREATE UNIQUE INDEX `unique_schema_migrations`  ON `schema_migrations` (`version`) 
  [1m[36mActiveRecord::SchemaMigration Load (2.1ms)[0m  [1mSELECT `schema_migrations`.* FROM `schema_migrations`[0m
  [1m[36mActiveRecord::SchemaMigration Load (2.7ms)[0m  [1mSELECT `schema_migrations`.* FROM `schema_migrations`[0m
Migrating to CreateBasicos (20140611022509)
  [1m[35m (153.9ms)[0m  CREATE TABLE `basicos` (`id` int(11) auto_increment PRIMARY KEY, `created_at` datetime, `updated_at` datetime) ENGINE=InnoDB
  [1m[36m (5.6ms)[0m  [1mBEGIN[0m
  [1m[35mSQL (0.5ms)[0m  INSERT INTO `schema_migrations` (`version`) VALUES ('20140611022509')
  [1m[36m (78.5ms)[0m  [1mCOMMIT[0m
  [1m[35mActiveRecord::SchemaMigration Load (0.4ms)[0m  SELECT `schema_migrations`.* FROM `schema_migrations`
  [1m[36mActiveRecord::SchemaMigration Load (2.0ms)[0m  [1mSELECT `schema_migrations`.* FROM `schema_migrations`[0m
Migrating to CreateCompuesto (20140611023457)
  [1m[36mActiveRecord::SchemaMigration Load (0.3ms)[0m  [1mSELECT `schema_migrations`.* FROM `schema_migrations`[0m
Migrating to AddDetailsToBasico (20140611023632)
  [1m[35m (0.7ms)[0m  ALTER TABLE `basicos` ADD `id` int(11)
Mysql2::Error: Duplicate column name 'id': ALTER TABLE `basicos` ADD `id` int(11)
  [1m[36mActiveRecord::SchemaMigration Load (0.3ms)[0m  [1mSELECT `schema_migrations`.* FROM `schema_migrations`[0m
Migrating to CreateCompuesto (20140611023820)
  [1m[35m (140.2ms)[0m  CREATE TABLE `compuestos` (`id` int(11) auto_increment PRIMARY KEY, `precio` int(11), `nombre_producto` varchar(255), `en_venta` tinyint(1)) ENGINE=InnoDB
  [1m[36m (0.2ms)[0m  [1mBEGIN[0m
  [1m[35mSQL (0.4ms)[0m  INSERT INTO `schema_migrations` (`version`) VALUES ('20140611023820')
  [1m[36m (62.9ms)[0m  [1mCOMMIT[0m
Migrating to AddDetailsToBasico (20140611023943)
  [1m[35m (235.7ms)[0m  ALTER TABLE `basicos` ADD `precio` int(11)
  [1m[36m (249.0ms)[0m  [1mALTER TABLE `basicos` ADD `nombre_producto` varchar(255)[0m
  [1m[35m (225.1ms)[0m  ALTER TABLE `basicos` ADD `en_venta` tinyint(1)
  [1m[36m (0.2ms)[0m  [1mBEGIN[0m
  [1m[35mSQL (0.4ms)[0m  INSERT INTO `schema_migrations` (`version`) VALUES ('20140611023943')
  [1m[36m (41.6ms)[0m  [1mCOMMIT[0m
  [1m[35mActiveRecord::SchemaMigration Load (0.5ms)[0m  SELECT `schema_migrations`.* FROM `schema_migrations`
  [1m[36mActiveRecord::SchemaMigration Load (0.3ms)[0m  [1mSELECT `schema_migrations`.* FROM `schema_migrations`[0m
Migrating to RemoveCreatedAtAndUpdatedAtToBasico (20140611024641)
  [1m[35m (275.6ms)[0m  ALTER TABLE `basicos` DROP `created_at`
  [1m[36m (258.7ms)[0m  [1mALTER TABLE `basicos` DROP `updated_at`[0m
  [1m[35m (0.3ms)[0m  BEGIN
  [1m[36mSQL (0.5ms)[0m  [1mINSERT INTO `schema_migrations` (`version`) VALUES ('20140611024641')[0m
  [1m[35m (47.8ms)[0m  COMMIT
  [1m[36mActiveRecord::SchemaMigration Load (0.4ms)[0m  [1mSELECT `schema_migrations`.* FROM `schema_migrations`[0m
  [1m[36mActiveRecord::SchemaMigration Load (0.3ms)[0m  [1mSELECT `schema_migrations`.* FROM `schema_migrations`[0m
Migrating to CreateAlertaObsolescencia (20140611030022)
  [1m[36mActiveRecord::SchemaMigration Load (0.3ms)[0m  [1mSELECT `schema_migrations`.* FROM `schema_migrations`[0m
Migrating to CreateAlertaObsolescencia (20140611030022)
  [1m[36mActiveRecord::SchemaMigration Load (0.3ms)[0m  [1mSELECT `schema_migrations`.* FROM `schema_migrations`[0m
Migrating to CreateAlertaObsolescencia (20140611030022)
  [1m[35m (166.0ms)[0m  CREATE TABLE `alerta_obsolescencia` (`id` int(11) auto_increment PRIMARY KEY, `tiempo_emision_alerta_obsolescencia` varchar(255), `visualizada_alerta_obsolescencia` tinyint(1), `necesidad_cubierta_alerta_obsolescencia` tinyint(1), `lote_id` int(11), `mensaje_alerta_obsolescencia` varchar(255)) ENGINE=InnoDB
  [1m[36m (0.2ms)[0m  [1mBEGIN[0m
  [1m[35mSQL (7.0ms)[0m  INSERT INTO `schema_migrations` (`version`) VALUES ('20140611030022')
  [1m[36m (61.2ms)[0m  [1mCOMMIT[0m
  [1m[35mActiveRecord::SchemaMigration Load (0.5ms)[0m  SELECT `schema_migrations`.* FROM `schema_migrations`
  [1m[36mActiveRecord::SchemaMigration Load (0.3ms)[0m  [1mSELECT `schema_migrations`.* FROM `schema_migrations`[0m
Migrating to CreateAlertaStock (20140611030723)
  [1m[35m (279.8ms)[0m  CREATE TABLE `alerta_stocks` (`id` int(11) auto_increment PRIMARY KEY, `ingrediente_id` int(11), `insumo_id` int(11), `mensaje_alerta_stock` varchar(255), `visualizada` tinyint(1), `necesidad_cubierta` tinyint(1), `tiempo_emision_alerta_stock` datetime) ENGINE=InnoDB
  [1m[36m (0.2ms)[0m  [1mBEGIN[0m
  [1m[35mSQL (22.2ms)[0m  INSERT INTO `schema_migrations` (`version`) VALUES ('20140611030723')
  [1m[36m (78.5ms)[0m  [1mCOMMIT[0m
  [1m[35mActiveRecord::SchemaMigration Load (4.1ms)[0m  SELECT `schema_migrations`.* FROM `schema_migrations`
  [1m[36mActiveRecord::SchemaMigration Load (3.2ms)[0m  [1mSELECT `schema_migrations`.* FROM `schema_migrations`[0m
Migrating to CreateAlertaTemporizador (20140611030932)
  [1m[35m (143.2ms)[0m  CREATE TABLE `alerta_temporizadors` (`id` int(11) auto_increment PRIMARY KEY, `tiempo_emision` datetime, `visualizada` tinyint(1), `necesidad_cubierta` tinyint(1), `venta_id` int(11), `mensaje` varchar(255)) ENGINE=InnoDB
  [1m[36m (0.3ms)[0m  [1mBEGIN[0m
  [1m[35mSQL (0.4ms)[0m  INSERT INTO `schema_migrations` (`version`) VALUES ('20140611030932')
  [1m[36m (80.8ms)[0m  [1mCOMMIT[0m
  [1m[35mActiveRecord::SchemaMigration Load (1.3ms)[0m  SELECT `schema_migrations`.* FROM `schema_migrations`
  [1m[36mActiveRecord::SchemaMigration Load (1.8ms)[0m  [1mSELECT `schema_migrations`.* FROM `schema_migrations`[0m
Migrating to ChangeAttributeNamesAlertaObsolescencia (20140611031326)
  [1m[35m (520.9ms)[0m  ALTER TABLE `alerta_obsolescencia` CHANGE `tiempo_emision_alerta_obsolescencia` `tiempo_emision` varchar(255) DEFAULT NULL
  [1m[36m (310.4ms)[0m  [1mALTER TABLE `alerta_obsolescencia` CHANGE `visualizada_alerta_obsolescencia` `visualizada` tinyint(1) DEFAULT NULL[0m
  [1m[35m (199.4ms)[0m  ALTER TABLE `alerta_obsolescencia` CHANGE `necesidad_cubierta_alerta_obsolescencia` `necesidad_cubierta` tinyint(1) DEFAULT NULL
  [1m[36m (234.4ms)[0m  [1mALTER TABLE `alerta_obsolescencia` CHANGE `mensaje_alerta_obsolescencia` `mensaje` varchar(255) DEFAULT NULL[0m
  [1m[35m (0.2ms)[0m  BEGIN
  [1m[36mSQL (5.5ms)[0m  [1mINSERT INTO `schema_migrations` (`version`) VALUES ('20140611031326')[0m
  [1m[35m (63.7ms)[0m  COMMIT
  [1m[36mActiveRecord::SchemaMigration Load (0.5ms)[0m  [1mSELECT `schema_migrations`.* FROM `schema_migrations`[0m
  [1m[36mActiveRecord::SchemaMigration Load (1.4ms)[0m  [1mSELECT `schema_migrations`.* FROM `schema_migrations`[0m
Migrating to ChangeTableNameAndAtributeNamesAlertaStock (20140611031650)
  [1m[36mActiveRecord::SchemaMigration Load (0.3ms)[0m  [1mSELECT `schema_migrations`.* FROM `schema_migrations`[0m
Migrating to ChangeTableNameAndAtributeNamesAlertaStock (20140611031650)
  [1m[36mActiveRecord::SchemaMigration Load (0.3ms)[0m  [1mSELECT `schema_migrations`.* FROM `schema_migrations`[0m
Migrating to ChangeTableNameAndAtributeNamesAlertaStock (20140611031650)
  [1m[36mActiveRecord::SchemaMigration Load (0.3ms)[0m  [1mSELECT `schema_migrations`.* FROM `schema_migrations`[0m
Migrating to ChangeTableNameAndAtributeNamesAlertaStock (20140611031650)
Mysql2::Error: Table 'fasterfood_development.alerta_stock' doesn't exist: SHOW FULL FIELDS FROM `alerta_stock`
  [1m[36mActiveRecord::SchemaMigration Load (0.3ms)[0m  [1mSELECT `schema_migrations`.* FROM `schema_migrations`[0m
Migrating to ChangeTableNameAndAtributeNamesAlertaStock (20140611031650)
  [1m[35m (306.0ms)[0m  ALTER TABLE `alerta_stocks` CHANGE `mensaje_alerta_stock` `mensaje` varchar(255) DEFAULT NULL
  [1m[36m (256.1ms)[0m  [1mALTER TABLE `alerta_stocks` CHANGE `tiempo_emision_alerta_stock` `tiempo_emision` datetime DEFAULT NULL[0m
  [1m[35m (0.2ms)[0m  BEGIN
  [1m[36mSQL (0.4ms)[0m  [1mINSERT INTO `schema_migrations` (`version`) VALUES ('20140611031650')[0m
  [1m[35m (46.9ms)[0m  COMMIT
  [1m[36mActiveRecord::SchemaMigration Load (0.5ms)[0m  [1mSELECT `schema_migrations`.* FROM `schema_migrations`[0m
  [1m[36mActiveRecord::SchemaMigration Load (0.3ms)[0m  [1mSELECT `schema_migrations`.* FROM `schema_migrations`[0m
Migrating to ChangeTableNameAlertaStock (20140611032339)
  [1m[35m (0.2ms)[0m  BEGIN
  [1m[36mSQL (0.6ms)[0m  [1mINSERT INTO `schema_migrations` (`version`) VALUES ('20140611032339')[0m
  [1m[35m (73.3ms)[0m  COMMIT
  [1m[36mActiveRecord::SchemaMigration Load (23.9ms)[0m  [1mSELECT `schema_migrations`.* FROM `schema_migrations`[0m
  [1m[36mActiveRecord::SchemaMigration Load (0.3ms)[0m  [1mSELECT `schema_migrations`.* FROM `schema_migrations`[0m
  [1m[35mActiveRecord::SchemaMigration Load (0.2ms)[0m  SELECT `schema_migrations`.* FROM `schema_migrations`
Migrating to ChangeTableNameAlertaStock (20140611032339)
  [1m[36m (14.2ms)[0m  [1mRENAME TABLE `alerta_stock` TO `alerta_stocks`[0m
Mysql2::Error: Table 'alerta_stocks' already exists: RENAME TABLE `alerta_stock` TO `alerta_stocks`
  [1m[36mActiveRecord::SchemaMigration Load (2.4ms)[0m  [1mSELECT `schema_migrations`.* FROM `schema_migrations`[0m
  [1m[35mActiveRecord::SchemaMigration Load (0.2ms)[0m  SELECT `schema_migrations`.* FROM `schema_migrations`
  [1m[36mActiveRecord::SchemaMigration Load (0.3ms)[0m  [1mSELECT `schema_migrations`.* FROM `schema_migrations`[0m
  [1m[35mActiveRecord::SchemaMigration Load (0.3ms)[0m  SELECT `schema_migrations`.* FROM `schema_migrations`
Migrating to ChangeTableNameAlertaStock (20140611032339)
  [1m[36mSQL (127.7ms)[0m  [1mDELETE FROM `schema_migrations` WHERE `schema_migrations`.`version` = '20140611032339'[0m
  [1m[35mActiveRecord::SchemaMigration Load (0.5ms)[0m  SELECT `schema_migrations`.* FROM `schema_migrations`
  [1m[36mActiveRecord::SchemaMigration Load (5.3ms)[0m  [1mSELECT `schema_migrations`.* FROM `schema_migrations`[0m
Migrating to ChangeTableNameAlertaStock (20140611032339)
  [1m[35m (116.7ms)[0m  RENAME TABLE `alerta_stocks` TO `alerta_stock`
  [1m[36m (0.2ms)[0m  [1mBEGIN[0m
  [1m[35mSQL (0.4ms)[0m  INSERT INTO `schema_migrations` (`version`) VALUES ('20140611032339')
  [1m[36m (50.7ms)[0m  [1mCOMMIT[0m
  [1m[35mActiveRecord::SchemaMigration Load (3.4ms)[0m  SELECT `schema_migrations`.* FROM `schema_migrations`
  [1m[36mActiveRecord::SchemaMigration Load (4.4ms)[0m  [1mSELECT `schema_migrations`.* FROM `schema_migrations`[0m
Migrating to ChangeTableNameAlertaTemporizador (20140611032835)
  [1m[35m (129.9ms)[0m  RENAME TABLE `alerta_temporizadors` TO `alerta_temporizador`
  [1m[36m (0.5ms)[0m  [1mBEGIN[0m
  [1m[35mSQL (4.7ms)[0m  INSERT INTO `schema_migrations` (`version`) VALUES ('20140611032835')
  [1m[36m (50.2ms)[0m  [1mCOMMIT[0m
  [1m[35mActiveRecord::SchemaMigration Load (0.5ms)[0m  SELECT `schema_migrations`.* FROM `schema_migrations`
